2025-01-27 02:46:56,611 masks.py INFO: Выполняем проверку длины номера карты
2025-01-27 02:46:56,611 masks.py INFO: Номер карты замаскирован
2025-01-27 02:46:56,613 masks.py INFO: Выполняем проверку длины номера карты
2025-01-27 02:46:56,613 masks.py INFO: Номер карты замаскирован
2025-01-27 02:46:56,614 masks.py INFO: Выполняем проверку длины номера карты
2025-01-27 02:46:56,614 masks.py INFO: Номер карты замаскирован
2025-01-27 02:46:56,616 masks.py INFO: Выполняем проверку длины номера карты
2025-01-27 02:46:56,616 masks.py ERROR: Неверная длина номера карты
2025-01-27 02:46:56,617 masks.py INFO: Выполняем проверку длины номера карты
2025-01-27 02:46:56,617 masks.py ERROR: Неверная длина номера карты
2025-01-27 02:46:56,619 masks.py INFO: Проверяем длину номера счета
2025-01-27 02:46:56,619 masks.py INFO: Номер счета замаскирован
2025-01-27 02:46:56,620 masks.py INFO: Проверяем длину номера счета
2025-01-27 02:46:56,620 masks.py INFO: Номер счета замаскирован
2025-01-27 02:46:56,622 masks.py INFO: Проверяем длину номера счета
2025-01-27 02:46:56,622 masks.py INFO: Номер счета замаскирован
2025-01-27 02:46:56,623 masks.py INFO: Проверяем длину номера счета
2025-01-27 02:46:56,623 masks.py ERROR: Неверная длина номера счета
2025-01-27 02:46:56,624 masks.py INFO: Проверяем длину номера счета
2025-01-27 02:46:56,624 masks.py ERROR: Неверная длина номера счета
2025-01-27 02:46:56,661 masks.py INFO: Выполняем проверку длины номера карты
2025-01-27 02:46:56,661 masks.py INFO: Номер карты замаскирован
2025-01-27 02:46:56,663 masks.py INFO: Проверяем длину номера счета
2025-01-27 02:46:56,663 masks.py INFO: Номер счета замаскирован
2025-01-27 02:46:56,665 masks.py INFO: Выполняем проверку длины номера карты
2025-01-27 02:46:56,665 masks.py INFO: Номер карты замаскирован
2025-01-27 02:46:56,666 masks.py INFO: Выполняем проверку длины номера карты
2025-01-27 02:46:56,666 masks.py INFO: Номер карты замаскирован
